This is pdfTeX, Version 3.141592653-2.6-1.40.24 (TeX Live 2022) (preloaded format=pdflatex 2023.3.1)  1 SEP 2023 18:53
entering extended mode
 \write18 enabled.
 file:line:error style messages enabled.
 %&-line parsing enabled.
**c:/Users/Jessica/Desktop/Thesis_MEF/THESIS/Thesis_JC
(c:/Users/Jessica/Desktop/Thesis_MEF/THESIS/Thesis_JC.tex
LaTeX2e <2022-11-01> patch level 1
L3 programming layer <2023-02-22> (c:/texlive/2022/texmf-dist/tex/latex/base/book.cls
Document Class: book 2022/07/02 v1.4n Standard LaTeX document class
(c:/texlive/2022/texmf-dist/tex/latex/base/bk11.clo
File: bk11.clo 2022/07/02 v1.4n Standard LaTeX file (size option)
)
\c@part=\count185
\c@chapter=\count186
\c@section=\count187
\c@subsection=\count188
\c@subsubsection=\count189
\c@paragraph=\count190
\c@subparagraph=\count191
\c@figure=\count192
\c@table=\count193
\abovecaptionskip=\skip48
\belowcaptionskip=\skip49
\bibindent=\dimen140
) (c:/texlive/2022/texmf-dist/tex/latex/titlesec/titlesec.sty
Package: titlesec 2021/07/05 v2.14 Sectioning titles
\ttl@box=\box51
\beforetitleunit=\skip50
\aftertitleunit=\skip51
\ttl@plus=\dimen141
\ttl@minus=\dimen142
\ttl@toksa=\toks16
\titlewidth=\dimen143
\titlewidthlast=\dimen144
\titlewidthfirst=\dimen145
) (c:/texlive/2022/texmf-dist/tex/latex/l3backend/l3backend-pdftex.def
File: l3backend-pdftex.def 2023-01-16 L3 backend support: PDF output (pdfTeX)
\l__color_backend_stack_int=\count194
\l__pdf_internal_box=\box52
) (./Thesis_JC.aux (./0introduction.aux) (./1mentalhealth.aux) (./2researchquestion.aux) (./3data.aux) (./4strategy.aux) (./5estimation.aux) (./6discussion.aux) (./7conclusion.aux) (./8references.aux) (./9appendix.aux))
\openout1 = `Thesis_JC.aux'.

LaTeX Font Info:    Checking defaults for OML/cmm/m/it on input line 8.
LaTeX Font Info:    ... okay on input line 8.
LaTeX Font Info:    Checking defaults for OMS/cmsy/m/n on input line 8.
LaTeX Font Info:    ... okay on input line 8.
LaTeX Font Info:    Checking defaults for OT1/cmr/m/n on input line 8.
LaTeX Font Info:    ... okay on input line 8.
LaTeX Font Info:    Checking defaults for T1/cmr/m/n on input line 8.
LaTeX Font Info:    ... okay on input line 8.
LaTeX Font Info:    Checking defaults for TS1/cmr/m/n on input line 8.
LaTeX Font Info:    ... okay on input line 8.
LaTeX Font Info:    Checking defaults for OMX/cmex/m/n on input line 8.
LaTeX Font Info:    ... okay on input line 8.
LaTeX Font Info:    Checking defaults for U/cmr/m/n on input line 8.
LaTeX Font Info:    ... okay on input line 8.
LaTeX Font Info:    External font `cmex10' loaded for size
(Font)              <12> on input line 17.
LaTeX Font Info:    External font `cmex10' loaded for size
(Font)              <8> on input line 17.
LaTeX Font Info:    External font `cmex10' loaded for size
(Font)              <6> on input line 17.
 [1



{c:/texlive/2022/texmf-var/fonts/map/pdftex/updmap/pdftex.map}] [2

] (./Thesis_JC.toc)
\tf@toc=\write3
\openout3 = `Thesis_JC.toc'.

 [3] [4

]
\openout2 = `0introduction.aux'.

 (./0introduction.tex) [1


]
\openout2 = `1mentalhealth.aux'.

 (./1mentalhealth.tex [2




]
Chapter 1.
) [3]
\openout2 = `2researchquestion.aux'.

 (./2researchquestion.tex [4




]
Chapter 2.
) [5]
\openout2 = `3data.aux'.

 (./3data.tex [6




]
Chapter 3.
) [7]
\openout2 = `4strategy.aux'.

 (./4strategy.tex [8




]
Chapter 4.
) [9]
\openout2 = `5estimation.aux'.

 (./5estimation.tex [10




]
Chapter 5.
) [11]
\openout2 = `6discussion.aux'.

 (./6discussion.tex [12




]
Chapter 6.
) [13]
\openout2 = `7conclusion.aux'.

 (./7conclusion.tex [14




]
Chapter 7.
) [15]
\openout2 = `8references.aux'.

 (./8references.tex [16




]
Chapter 8.
) [17]
\openout2 = `9appendix.aux'.

 (./9appendix.tex [18




]
Chapter 9.
) [19] [20



] (./Thesis_JC.aux (./0introduction.aux) (./1mentalhealth.aux) (./2researchquestion.aux) (./3data.aux) (./4strategy.aux) (./5estimation.aux) (./6discussion.aux) (./7conclusion.aux) (./8references.aux) (./9appendix.aux)) ) 
Here is how much of TeX's memory you used:
 1061 strings out of 476024
 21064 string characters out of 5794017
 1852382 words of memory out of 5000000
 21502 multiletter control sequences out of 15000+600000
 516889 words of font info for 47 fonts, out of 8000000 for 9000
 1141 hyphenation exceptions out of 8191
 39i,6n,44p,214b,186s stack positions out of 10000i,1000n,20000p,200000b,200000s
<c:/texlive/2022/texmf-dist/fonts/type1/public/amsfonts/cm/cmbx10.pfb><c:/texlive/2022/texmf-dist/fonts/type1/public/amsfonts/cm/cmbx12.pfb><c:/texlive/2022/texmf-dist/fonts/type1/public/amsfonts/cm/cmr10.pfb><c:/texlive/2022/texmf-dist/fonts/type1/public/amsfonts/cm/cmr12.pfb><c:/texlive/2022/texmf-dist/fonts/type1/public/amsfonts/cm/cmr17.pfb><c:/texlive/2022/texmf-dist/fonts/type1/public/amsfonts/cm/cmsl10.pfb>
Output written on Thesis_JC.pdf (24 pages, 83612 bytes).
PDF statistics:
 111 PDF objects out of 1000 (max. 8388607)
 72 compressed objects within 1 object stream
 0 named destinations out of 1000 (max. 500000)
 1 words of extra memory for PDF output out of 10000 (max. 10000000)

