\BOOKMARK [0][-]{chapter.1}{\376\377\000M\000e\000n\000t\000a\000l\000\040\000H\000e\000a\000l\000t\000h}{}% 1
\BOOKMARK [1][-]{section.1.1}{\376\377\000D\000e\000f\000i\000n\000i\000n\000g\000\040\000M\000e\000n\000t\000a\000l\000\040\000H\000e\000a\000l\000t\000h}{chapter.1}% 2
\BOOKMARK [1][-]{section.1.2}{\376\377\000G\000l\000o\000b\000a\000l\000\040\000E\000p\000i\000d\000e\000m\000i\000o\000l\000o\000g\000i\000c\000a\000l\000\040\000O\000v\000e\000r\000v\000i\000e\000w}{chapter.1}% 3
\BOOKMARK [2][-]{subsection.1.2.1}{\376\377\000A\000n\000x\000i\000e\000t\000y\000\040\000D\000i\000s\000o\000r\000d\000e\000r\000s}{section.1.2}% 4
\BOOKMARK [2][-]{subsection.1.2.2}{\376\377\000D\000e\000p\000r\000e\000s\000s\000i\000v\000e\000\040\000D\000i\000s\000o\000r\000d\000e\000r\000s}{section.1.2}% 5
\BOOKMARK [2][-]{subsection.1.2.3}{\376\377\000H\000e\000t\000e\000r\000o\000g\000e\000n\000e\000i\000t\000y\000\040\000D\000e\000t\000e\000r\000m\000i\000n\000a\000n\000t\000s\000\040\000o\000f\000\040\000M\000e\000n\000t\000a\000l\000\040\000H\000e\000a\000l\000t\000h\000\040\000C\000o\000n\000d\000i\000t\000i\000o\000n\000s}{section.1.2}% 6
\BOOKMARK [1][-]{section.1.3}{\376\377\000C\000O\000V\000I\000D\000-\0001\0009\000'\000s\000\040\000M\000e\000n\000t\000a\000l\000\040\000B\000u\000r\000d\000e\000n}{chapter.1}% 7
\BOOKMARK [0][-]{chapter.2}{\376\377\000F\000r\000a\000m\000i\000n\000g\000\040\000t\000h\000e\000\040\000R\000e\000s\000e\000a\000r\000c\000h\000\040\000Q\000u\000e\000s\000t\000i\000o\000n}{}% 8
\BOOKMARK [1][-]{section.2.1}{\376\377\000M\000e\000n\000t\000a\000l\000\040\000H\000e\000a\000l\000t\000h\000\040\000a\000n\000d\000\040\000L\000a\000b\000o\000r\000\040\000M\000a\000r\000k\000e\000t\000\040\000O\000u\000t\000c\000o\000m\000e\000s}{chapter.2}% 9
\BOOKMARK [1][-]{section.2.2}{\376\377\000M\000e\000n\000t\000a\000l\000\040\000H\000e\000a\000l\000t\000h\000\040\000a\000n\000d\000\040\000L\000o\000n\000e\000l\000i\000n\000e\000s\000s}{chapter.2}% 10
\BOOKMARK [1][-]{section.2.3}{\376\377\000M\000e\000n\000t\000a\000l\000\040\000H\000e\000a\000l\000t\000h\000\040\000a\000n\000d\000\040\000S\000o\000c\000i\000a\000l\000\040\000C\000a\000p\000i\000t\000a\000l}{chapter.2}% 11
\BOOKMARK [2][-]{subsection.2.3.1}{\376\377\000M\000e\000n\000t\000a\000l\000\040\000H\000e\000a\000l\000t\000h\000\040\000a\000n\000d\000\040\000S\000o\000c\000i\000a\000l\000\040\000N\000e\000t\000w\000o\000r\000k\000s}{section.2.3}% 12
\BOOKMARK [1][-]{section.2.4}{\376\377\000S\000u\000m\000m\000a\000r\000y\000\040\000a\000n\000d\000\040\000I\000m\000p\000l\000i\000c\000a\000t\000i\000o\000n\000s}{chapter.2}% 13
\BOOKMARK [0][-]{chapter.3}{\376\377\000d\000a\000t\000a}{}% 14
\BOOKMARK [1][-]{section.3.1}{\376\377\000S\000H\000A\000R\000E\000\040\000d\000a\000t\000a}{chapter.3}% 15
\BOOKMARK [1][-]{section.3.2}{\376\377\000O\000x\000G\000R\000T\000\040\000d\000a\000t\000a}{chapter.3}% 16
\BOOKMARK [1][-]{section.3.3}{\376\377\000V\000a\000r\000i\000a\000b\000l\000e\000s\000\040\000m\000a\000n\000i\000p\000u\000l\000a\000t\000i\000o\000n}{chapter.3}% 17
\BOOKMARK [0][-]{chapter.4}{\376\377\000s\000t\000r\000a\000t\000e\000g\000y}{}% 18
\BOOKMARK [0][-]{chapter.5}{\376\377\000e\000s\000t\000i\000m\000a\000t\000i\000o\000n}{}% 19
\BOOKMARK [0][-]{chapter.6}{\376\377\000d\000i\000s\000c\000u\000s\000s\000i\000o\000n}{}% 20
\BOOKMARK [0][-]{chapter.7}{\376\377\000c\000o\000n\000c\000l\000u\000s\000i\000o\000n}{}% 21
\BOOKMARK [0][-]{chapter.8}{\376\377\000R\000e\000f\000e\000r\000e\000n\000c\000e\000s}{}% 22
\BOOKMARK [0][-]{chapter.9}{\376\377\000a\000p\000p\000e\000n\000d\000i\000x}{}% 23
